<?xml version="1.0" encoding="UTF-8"?>
<testng-results ignored="0" total="2" passed="2" failed="0" skipped="0">
  <reporter-output>
    <line>
      <![CDATA[main1]]>
    </line>
    <line>
      <![CDATA[main2]]>
    </line>
  </reporter-output>
  <suite started-at="2022-09-23T04:20:04 IST" name="Default suite" finished-at="2022-09-23T04:20:04 IST" duration-ms="64">
    <groups>
    </groups>
    <test started-at="2022-09-23T04:20:04 IST" name="Default test" finished-at="2022-09-23T04:20:04 IST" duration-ms="64">
      <class name="jenkins_trial.Practice2">
        <test-method signature="main1()[pri:0, instance:jenkins_trial.Practice2@29e495ff]" started-at="2022-09-23T04:20:04 IST" name="main1" finished-at="2022-09-23T04:20:04 IST" duration-ms="13" status="PASS">
          <reporter-output>
            <line>
              <![CDATA[main1]]>
            </line>
          </reporter-output>
        </test-method> <!-- main1 -->
        <test-method signature="main2()[pri:0, instance:jenkins_trial.Practice2@29e495ff]" started-at="2022-09-23T04:20:04 IST" name="main2" finished-at="2022-09-23T04:20:04 IST" duration-ms="4" status="PASS">
          <reporter-output>
            <line>
              <![CDATA[main2]]>
            </line>
          </reporter-output>
        </test-method> <!-- main2 -->
      </class> <!-- jenkins_trial.Practice2 -->
    </test> <!-- Default test -->
  </suite> <!-- Default suite -->
</testng-results>
