<?xml version="1.0" encoding="UTF-8"?>
<testng-results total="2" passed="2" failed="0" skipped="0">
  <reporter-output>
  </reporter-output>
  <suite started-at="2022-09-23T04:32:45Z" name="Default suite" finished-at="2022-09-23T04:32:45Z" duration-ms="39">
    <groups>
    </groups>
    <test started-at="2022-09-23T04:32:45Z" name="Default test" finished-at="2022-09-23T04:32:45Z" duration-ms="39">
      <class name="jenkins_trial.Practice2">
        <test-method signature="main1()[pri:0, instance:jenkins_trial.Practice2@600b9d27]" started-at="2022-09-23T10:02:45Z" name="main1" finished-at="2022-09-23T10:02:45Z" duration-ms="17" status="PASS">
          <reporter-output>
          </reporter-output>
        </test-method> <!-- main1 -->
        <test-method signature="main2()[pri:0, instance:jenkins_trial.Practice2@600b9d27]" started-at="2022-09-23T10:02:45Z" name="main2" finished-at="2022-09-23T10:02:45Z" duration-ms="1" status="PASS">
          <reporter-output>
          </reporter-output>
        </test-method> <!-- main2 -->
      </class> <!-- jenkins_trial.Practice2 -->
    </test> <!-- Default test -->
  </suite> <!-- Default suite -->
</testng-results>
